<?xml version="1.0" encoding="UTF-8"?>
<!-- Generated by org.testng.reporters.JUnitReportReporter -->
<testsuite name="shakeDown_US_main.Shakedown_CreateReq_AddResp" tests="16" time="540.274" ignored="0" failures="0" timestamp="01 Dec 2020 06:42:51 GMT" skipped="0" hostname="DESKTOP-GAEG9SK" errors="1">
  <testcase name="Reactivate" time="16.236" classname="shakeDown_US_main.Shakedown_CreateReq_AddResp"/>
  <testcase name="RIPC_Login" time="14.041" classname="shakeDown_US_main.Shakedown_CreateReq_AddResp"/>
  <testcase name="Resubmit" time="40.515" classname="shakeDown_US_main.Shakedown_CreateReq_AddResp"/>
  <testcase name="skill_loc" time="11.756" classname="shakeDown_US_main.Shakedown_CreateReq_AddResp"/>
  <testcase name="add_response" time="97.696" classname="shakeDown_US_main.Shakedown_CreateReq_AddResp"/>
  <testcase name="Reprice" time="180.539" classname="shakeDown_US_main.Shakedown_CreateReq_AddResp">
    <error type="org.openqa.selenium.TimeoutException" message="Expected condition failed: waiting for visibility of [[FirefoxDriver: firefox on WINDOWS (cb4a33db-5252-4cd2-8243-ab34a331bbb5)] -&gt; xpath: //input[@formcontrolname=&#039;straightTimeBillRate&#039;]] (tried for 160 second(s) with 500 milliseconds interval)
Build info: version: &#039;3.141.59&#039;, revision: &#039;e82be7d358&#039;, time: &#039;2018-11-14T08:17:03&#039;
System info: host: &#039;DESKTOP-GAEG9SK&#039;, ip: &#039;9.102.36.176&#039;, os.name: &#039;Windows 10&#039;, os.arch: &#039;amd64&#039;, os.version: &#039;10.0&#039;, java.version: &#039;1.8.0_221&#039;
Driver info: org.openqa.selenium.firefox.FirefoxDriver
Capabilities {acceptInsecureCerts: true, browserName: firefox, browserVersion: 72.0.2, javascriptEnabled: true, moz:accessibilityChecks: false, moz:buildID: 20200117190643, moz:geckodriverVersion: 0.26.0, moz:headless: true, moz:processID: 35352, moz:profile: C:\Users\SanjayKushwaha\App..., moz:shutdownTimeout: 60000, moz:useNonSpecCompliantPointerOrigin: false, moz:webdriverClick: true, pageLoadStrategy: normal, platform: WINDOWS, platformName: WINDOWS, platformVersion: 10.0, rotatable: false, setWindowRect: true, strictFileInteractability: false, timeouts: {implicit: 0, pageLoad: 300000, script: 30000}, unhandledPromptBehavior: dismiss and notify}
Session ID: cb4a33db-5252-4cd2-8243-ab34a331bbb5">
      <![CDATA[org.openqa.selenium.TimeoutException: Expected condition failed: waiting for visibility of [[FirefoxDriver: firefox on WINDOWS (cb4a33db-5252-4cd2-8243-ab34a331bbb5)] -> xpath: //input[@formcontrolname='straightTimeBillRate']] (tried for 160 second(s) with 500 milliseconds interval)
Build info: version: '3.141.59', revision: 'e82be7d358', time: '2018-11-14T08:17:03'
System info: host: 'DESKTOP-GAEG9SK', ip: '9.102.36.176', os.name: 'Windows 10', os.arch: 'amd64', os.version: '10.0', java.version: '1.8.0_221'
Driver info: org.openqa.selenium.firefox.FirefoxDriver
Capabilities {acceptInsecureCerts: true, browserName: firefox, browserVersion: 72.0.2, javascriptEnabled: true, moz:accessibilityChecks: false, moz:buildID: 20200117190643, moz:geckodriverVersion: 0.26.0, moz:headless: true, moz:processID: 35352, moz:profile: C:\Users\SanjayKushwaha\App..., moz:shutdownTimeout: 60000, moz:useNonSpecCompliantPointerOrigin: false, moz:webdriverClick: true, pageLoadStrategy: normal, platform: WINDOWS, platformName: WINDOWS, platformVersion: 10.0, rotatable: false, setWindowRect: true, strictFileInteractability: false, timeouts: {implicit: 0, pageLoad: 300000, script: 30000}, unhandledPromptBehavior: dismiss and notify}
Session ID: cb4a33db-5252-4cd2-8243-ab34a331bbb5
	at org.openqa.selenium.support.ui.WebDriverWait.timeoutException(WebDriverWait.java:95)
	at org.openqa.selenium.support.ui.FluentWait.until(FluentWait.java:272)
	at shakeDown_US.Step02_AddResponse_US_NewApp.Reprice(Step02_AddResponse_US_NewApp.java:520)
	at shakeDown_US_main.Shakedown_CreateReq_AddResp.Reprice(Shakedown_CreateReq_AddResp.java:211)
	at sun.reflect.NativeMethodAccessorImpl.invoke0(Native Method)
	at sun.reflect.NativeMethodAccessorImpl.invoke(NativeMethodAccessorImpl.java:62)
	at sun.reflect.DelegatingMethodAccessorImpl.invoke(DelegatingMethodAccessorImpl.java:43)
	at java.lang.reflect.Method.invoke(Method.java:498)
	at org.testng.internal.MethodInvocationHelper.invokeMethod(MethodInvocationHelper.java:104)
	at org.testng.internal.Invoker.invokeMethod(Invoker.java:645)
	at org.testng.internal.Invoker.invokeTestMethod(Invoker.java:851)
	at org.testng.internal.Invoker.invokeTestMethods(Invoker.java:1177)
	at org.testng.internal.TestMethodWorker.invokeTestMethods(TestMethodWorker.java:129)
	at org.testng.internal.TestMethodWorker.run(TestMethodWorker.java:112)
	at org.testng.TestRunner.privateRun(TestRunner.java:756)
	at org.testng.TestRunner.run(TestRunner.java:610)
	at org.testng.SuiteRunner.runTest(SuiteRunner.java:387)
	at org.testng.SuiteRunner.runSequentially(SuiteRunner.java:382)
	at org.testng.SuiteRunner.privateRun(SuiteRunner.java:340)
	at org.testng.SuiteRunner.run(SuiteRunner.java:289)
	at org.testng.SuiteRunnerWorker.runSuite(SuiteRunnerWorker.java:52)
	at org.testng.SuiteRunnerWorker.run(SuiteRunnerWorker.java:86)
	at org.testng.TestNG.runSuitesSequentially(TestNG.java:1293)
	at org.testng.TestNG.runSuitesLocally(TestNG.java:1218)
	at org.testng.TestNG.runSuites(TestNG.java:1133)
	at org.testng.TestNG.run(TestNG.java:1104)
	at org.testng.remote.AbstractRemoteTestNG.run(AbstractRemoteTestNG.java:132)
	at org.testng.remote.RemoteTestNG.initAndRun(RemoteTestNG.java:236)
	at org.testng.remote.RemoteTestNG.main(RemoteTestNG.java:81)
]]>
    </error>
  </testcase> <!-- Reprice -->
  <testcase name="alert_check" time="0.016" classname="shakeDown_US_main.Shakedown_CreateReq_AddResp"/>
  <testcase name="supp" time="28.804" classname="shakeDown_US_main.Shakedown_CreateReq_AddResp"/>
  <testcase name="skill_price" time="10.903" classname="shakeDown_US_main.Shakedown_CreateReq_AddResp"/>
  <testcase name="req_detail" time="15.703" classname="shakeDown_US_main.Shakedown_CreateReq_AddResp"/>
  <testcase name="Create_Req" time="49.763" classname="shakeDown_US_main.Shakedown_CreateReq_AddResp"/>
  <testcase name="skill_Req" time="4.662" classname="shakeDown_US_main.Shakedown_CreateReq_AddResp"/>
  <testcase name="select_Req" time="23.076" classname="shakeDown_US_main.Shakedown_CreateReq_AddResp"/>
  <testcase name="Withdraw" time="26.349" classname="shakeDown_US_main.Shakedown_CreateReq_AddResp"/>
  <testcase name="select_jrss" time="6.152" classname="shakeDown_US_main.Shakedown_CreateReq_AddResp"/>
  <testcase name="OpenNewGreen" time="14.063" classname="shakeDown_US_main.Shakedown_CreateReq_AddResp"/>
</testsuite> <!-- shakeDown_US_main.Shakedown_CreateReq_AddResp -->
